<?xml version="1.0" encoding="UTF-8"?>
<!-- Generated by org.testng.reporters.JUnitReportReporter -->
<testsuite hostname="Ahmed-Taha" failures="0" tests="3" name="tests.LoginTest" time="1.692" errors="0" timestamp="2025-09-04T16:06:34 EEST" skipped="0">
  <testcase classname="tests.LoginTest" name="goAccount" time="0.357"/>
  <testcase classname="tests.LoginTest" name="validLogin" time="0.864"/>
  <testcase classname="tests.LoginTest" name="login" time="0.471"/>
</testsuite> <!-- tests.LoginTest -->
