<?xml version="1.0" encoding="UTF-8"?>
<!-- Generated by org.testng.reporters.JUnitReportReporter -->
<testsuite hostname="Ahmed-Taha" failures="0" tests="3" name="tests.LoginTest" time="1.932" errors="0" timestamp="2025-09-02T11:04:19 EEST" skipped="0">
  <testcase classname="tests.LoginTest" name="goAccount" time="1.191"/>
  <testcase classname="tests.LoginTest" name="login" time="0.577"/>
  <testcase classname="tests.LoginTest" name="validLogin" time="0.164"/>
</testsuite> <!-- tests.LoginTest -->
