<?xml version="1.0" encoding="UTF-8"?>
<!-- Generated by org.testng.reporters.JUnitReportReporter -->
<testsuite hostname="Ahmed-Taha" failures="0" tests="1" name="tests.LRegistrationTest" time="3.580" errors="0" timestamp="2025-09-05T17:09:45 EEST" skipped="0">
  <testcase classname="tests.LRegistrationTest" name="UserCanRegisterSuccessfully" time="3.580"/>
</testsuite> <!-- tests.LRegistrationTest -->
