<?xml version="1.0" encoding="UTF-8"?>
<!-- Generated by org.testng.reporters.JUnitReportReporter -->
<testsuite hostname="Ahmed-Taha" failures="0" tests="2" name="tests.LoginTest" time="2.794" errors="0" timestamp="2025-09-05T17:40:15 EEST" skipped="0">
  <testcase classname="tests.LoginTest" name="login" time="2.106"/>
  <testcase classname="tests.LoginTest" name="goAccount" time="0.688"/>
</testsuite> <!-- tests.LoginTest -->
