<?xml version="1.0" encoding="UTF-8"?>
<!-- Generated by org.testng.reporters.JUnitReportReporter -->
<testsuite hostname="Ahmed-Taha" failures="0" tests="2" name="tests.LoginTest" time="2.166" errors="0" timestamp="2025-09-05T17:09:45 EEST" skipped="0">
  <testcase classname="tests.LoginTest" name="goAccount" time="0.568"/>
  <testcase classname="tests.LoginTest" name="login" time="1.598"/>
</testsuite> <!-- tests.LoginTest -->
