<?xml version="1.0" encoding="UTF-8"?>
<!-- Generated by org.testng.reporters.JUnitReportReporter -->
<testsuite hostname="Ahmed-Taha" failures="0" tests="6" name="tests.MyAccountTest" time="4.226" errors="0" timestamp="2025-09-05T16:33:13 EEST" skipped="0">
  <testcase classname="tests.MyAccountTest" name="goMyAccount" time="0.427"/>
  <testcase classname="tests.MyAccountTest" name="changePassword" time="0.584"/>
  <testcase classname="tests.MyAccountTest" name="closeAlert" time="0.073"/>
  <testcase classname="tests.MyAccountTest" name="logout" time="2.553"/>
  <testcase classname="tests.MyAccountTest" name="login" time="0.429"/>
  <testcase classname="tests.MyAccountTest" name="validLogin" time="0.160"/>
</testsuite> <!-- tests.MyAccountTest -->
