<?xml version="1.0" encoding="UTF-8"?>
<!-- Generated by org.testng.reporters.JUnitReportReporter -->
<testsuite hostname="Ahmed-Taha" failures="0" tests="1" name="tests.LoginTest" time="1.361" errors="0" timestamp="2025-09-05T15:58:02 EEST" skipped="0">
  <testcase classname="tests.LoginTest" name="login" time="1.361"/>
</testsuite> <!-- tests.LoginTest -->
