<?xml version="1.0" encoding="UTF-8"?>
<!-- Generated by org.testng.reporters.JUnitReportReporter -->
<testsuite hostname="Ahmed-Taha" failures="0" tests="6" name="tests.MyAccountTest" time="9.217" errors="0" timestamp="2025-09-04T16:06:34 EEST" skipped="0">
  <testcase classname="tests.MyAccountTest" name="goMyAccount" time="0.386"/>
  <testcase classname="tests.MyAccountTest" name="changePassword" time="0.506"/>
  <testcase classname="tests.MyAccountTest" name="closeAlert" time="0.039"/>
  <testcase classname="tests.MyAccountTest" name="logout" time="7.586"/>
  <testcase classname="tests.MyAccountTest" name="login" time="0.430"/>
  <testcase classname="tests.MyAccountTest" name="validLogin" time="0.270"/>
</testsuite> <!-- tests.MyAccountTest -->
