<?xml version="1.0" encoding="UTF-8"?>
<!-- Generated by org.testng.reporters.JUnitReportReporter -->
<testsuite hostname="Ahmed-Taha" failures="0" tests="2" name="tests.LoginTest" time="2.714" errors="0" timestamp="2025-09-05T18:22:15 EEST" skipped="0">
  <testcase classname="tests.LoginTest" name="login" time="0.621"/>
  <testcase classname="tests.LoginTest" name="goAccount" time="2.093"/>
</testsuite> <!-- tests.LoginTest -->
