<?xml version="1.0" encoding="UTF-8"?>
<!-- Generated by org.testng.reporters.JUnitReportReporter -->
<testsuite hostname="Ahmed-Taha" failures="0" tests="2" name="tests.LoginTest" time="2.595" errors="0" timestamp="2025-09-05T18:29:04 EEST" skipped="0">
  <testcase classname="tests.LoginTest" name="goAccount" time="1.967"/>
  <testcase classname="tests.LoginTest" name="login" time="0.628"/>
</testsuite> <!-- tests.LoginTest -->
