<?xml version="1.0" encoding="UTF-8"?>
<!-- Generated by org.testng.reporters.JUnitReportReporter -->
<testsuite hostname="Ahmed-Taha" failures="0" tests="1" name="tests.LRegistrationTest" time="2.921" errors="0" timestamp="2025-09-05T18:29:03 EEST" skipped="0">
  <testcase classname="tests.LRegistrationTest" name="UserCanRegisterSuccessfully" time="2.921"/>
</testsuite> <!-- tests.LRegistrationTest -->
