<?xml version="1.0" encoding="UTF-8"?>
<!-- Generated by org.testng.reporters.JUnitReportReporter -->
<testsuite hostname="Ahmed-Taha" failures="0" tests="2" name="tests.LRegistrationTest" time="2.775" errors="0" timestamp="2025-09-04T13:37:24 EEST" skipped="0">
  <testcase classname="tests.LRegistrationTest" name="registrationSuccessfully" time="2.102"/>
  <testcase classname="tests.LRegistrationTest" name="logout" time="0.673"/>
</testsuite> <!-- tests.LRegistrationTest -->
