<?xml version="1.0" encoding="UTF-8"?>
<!-- Generated by org.testng.reporters.JUnitReportReporter -->
<testsuite hostname="Ahmed-Taha" failures="0" tests="6" name="tests.MyAccountTest" time="15.771" errors="0" timestamp="2025-09-04T17:31:06 EEST" skipped="0">
  <testcase classname="tests.MyAccountTest" name="goMyAccount" time="0.323"/>
  <testcase classname="tests.MyAccountTest" name="changePassword" time="0.442"/>
  <testcase classname="tests.MyAccountTest" name="closeAlert" time="0.032"/>
  <testcase classname="tests.MyAccountTest" name="logout" time="13.450"/>
  <testcase classname="tests.MyAccountTest" name="login" time="0.558"/>
  <testcase classname="tests.MyAccountTest" name="validLogin" time="0.966"/>
</testsuite> <!-- tests.MyAccountTest -->
