<?xml version="1.0" encoding="UTF-8"?>
<!-- Generated by org.testng.reporters.JUnitReportReporter -->
<testsuite hostname="Ahmed-Taha" failures="0" tests="6" name="tests.MyAccountTest" time="5.830" errors="0" timestamp="2025-09-04T13:37:24 EEST" skipped="0">
  <testcase classname="tests.MyAccountTest" name="goMyAccount" time="0.363"/>
  <testcase classname="tests.MyAccountTest" name="changePassword" time="0.572"/>
  <testcase classname="tests.MyAccountTest" name="closeAlert" time="0.044"/>
  <testcase classname="tests.MyAccountTest" name="logout" time="4.278"/>
  <testcase classname="tests.MyAccountTest" name="login" time="0.390"/>
  <testcase classname="tests.MyAccountTest" name="validLogin" time="0.183"/>
</testsuite> <!-- tests.MyAccountTest -->
