<?xml version="1.0" encoding="UTF-8"?>
<!-- Generated by org.testng.reporters.JUnitReportReporter -->
<testsuite hostname="Ahmed-Taha" failures="0" tests="6" name="tests.MyAccountTest" time="5.907" errors="0" timestamp="2025-09-04T14:23:15 EEST" skipped="0">
  <testcase classname="tests.MyAccountTest" name="goMyAccount" time="0.374"/>
  <testcase classname="tests.MyAccountTest" name="changePassword" time="0.527"/>
  <testcase classname="tests.MyAccountTest" name="closeAlert" time="0.029"/>
  <testcase classname="tests.MyAccountTest" name="logout" time="4.483"/>
  <testcase classname="tests.MyAccountTest" name="login" time="0.326"/>
  <testcase classname="tests.MyAccountTest" name="validLogin" time="0.168"/>
</testsuite> <!-- tests.MyAccountTest -->
