<?xml version="1.0" encoding="UTF-8"?>
<!-- Generated by org.testng.reporters.JUnitReportReporter -->
<testsuite hostname="Ahmed-Taha" failures="0" tests="6" name="tests.MyAccountTest" time="6.851" errors="0" timestamp="2025-09-02T11:04:19 EEST" skipped="0">
  <testcase classname="tests.MyAccountTest" name="goMyAccount" time="0.415"/>
  <testcase classname="tests.MyAccountTest" name="changePassword" time="0.749"/>
  <testcase classname="tests.MyAccountTest" name="closeAlert" time="0.060"/>
  <testcase classname="tests.MyAccountTest" name="logout" time="4.470"/>
  <testcase classname="tests.MyAccountTest" name="login" time="0.490"/>
  <testcase classname="tests.MyAccountTest" name="validLogin" time="0.667"/>
</testsuite> <!-- tests.MyAccountTest -->
