<?xml version="1.0" encoding="UTF-8"?>
<!-- Generated by org.testng.reporters.JUnitReportReporter -->
<testsuite hostname="Ahmed-Taha" failures="0" tests="1" name="tests.TC01LRegistrationTest" time="2.453" errors="0" timestamp="2025-09-05T18:36:46 EEST" skipped="0">
  <testcase classname="tests.TC01LRegistrationTest" name="UserCanRegisterSuccessfully" time="2.453"/>
</testsuite> <!-- tests.TC01LRegistrationTest -->
