<?xml version="1.0" encoding="UTF-8"?>
<!-- Generated by org.testng.reporters.JUnitReportReporter -->
<testsuite hostname="Ahmed-Taha" failures="0" tests="2" name="tests.LRegistrationTest" time="2.673" errors="0" timestamp="2025-09-04T16:06:34 EEST" skipped="0">
  <testcase classname="tests.LRegistrationTest" name="registrationSuccessfully" time="2.045"/>
  <testcase classname="tests.LRegistrationTest" name="logout" time="0.628"/>
</testsuite> <!-- tests.LRegistrationTest -->
