<?xml version="1.0" encoding="UTF-8"?>
<!-- Generated by org.testng.reporters.JUnitReportReporter -->
<testsuite hostname="Ahmed-Taha" failures="0" tests="1" name="tests.TC03MyAccountTest" time="3.607" errors="0" timestamp="2025-09-05T18:51:03 EEST" skipped="0">
  <testcase classname="tests.TC03MyAccountTest" name="goMyAccount" time="3.607"/>
</testsuite> <!-- tests.TC03MyAccountTest -->
