<?xml version="1.0" encoding="UTF-8"?>
<!-- Generated by org.testng.reporters.JUnitReportReporter -->
<testsuite hostname="Ahmed-Taha" failures="0" tests="3" name="tests.LoginTest" time="2.085" errors="0" timestamp="2025-09-04T17:31:06 EEST" skipped="0">
  <testcase classname="tests.LoginTest" name="validLogin" time="0.757"/>
  <testcase classname="tests.LoginTest" name="login" time="0.435"/>
  <testcase classname="tests.LoginTest" name="goAccount" time="0.893"/>
</testsuite> <!-- tests.LoginTest -->
