<?xml version="1.0" encoding="UTF-8"?>
<!-- Generated by org.testng.reporters.JUnitReportReporter -->
<testsuite hostname="Ahmed-Taha" failures="0" tests="1" name="tests.MyAccountTest" time="5.490" errors="0" timestamp="2025-09-05T18:05:28 EEST" skipped="0">
  <testcase classname="tests.MyAccountTest" name="goMyAccount" time="5.490"/>
</testsuite> <!-- tests.MyAccountTest -->
