<?xml version="1.0" encoding="UTF-8"?>
<!-- Generated by org.testng.reporters.JUnitReportReporter -->
<testsuite hostname="Ahmed-Taha" failures="0" tests="3" name="tests.LoginTest" time="1.569" errors="0" timestamp="2025-09-04T13:37:24 EEST" skipped="0">
  <testcase classname="tests.LoginTest" name="validLogin" time="0.145"/>
  <testcase classname="tests.LoginTest" name="login" time="0.432"/>
  <testcase classname="tests.LoginTest" name="goAccount" time="0.992"/>
</testsuite> <!-- tests.LoginTest -->
