<?xml version="1.0" encoding="UTF-8"?>
<!-- Generated by org.testng.reporters.JUnitReportReporter -->
<testsuite hostname="Ahmed-Taha" failures="0" tests="1" name="tests.SimpleTest" time="2.106" errors="0" timestamp="2025-09-02T11:04:19 EEST" skipped="0">
  <testcase classname="tests.SimpleTest" name="openGoogleTest" time="2.106"/>
</testsuite> <!-- tests.SimpleTest -->
