<?xml version="1.0" encoding="UTF-8"?>
<!-- Generated by org.testng.reporters.JUnitReportReporter -->
<testsuite hostname="Ahmed-Taha" failures="0" tests="2" name="tests.TC02LoginTest" time="2.640" errors="0" timestamp="2025-09-05T18:51:03 EEST" skipped="0">
  <testcase classname="tests.TC02LoginTest" name="login" time="0.705"/>
  <testcase classname="tests.TC02LoginTest" name="goAccount" time="1.935"/>
</testsuite> <!-- tests.TC02LoginTest -->
