<?xml version="1.0" encoding="UTF-8"?>
<!-- Generated by org.testng.reporters.JUnitReportReporter -->
<testsuite hostname="Ahmed-Taha" failures="0" tests="3" name="tests.LoginTest" time="1.677" errors="0" timestamp="2025-09-04T14:23:15 EEST" skipped="0">
  <testcase classname="tests.LoginTest" name="login" time="0.535"/>
  <testcase classname="tests.LoginTest" name="validLogin" time="0.133"/>
  <testcase classname="tests.LoginTest" name="goAccount" time="1.009"/>
</testsuite> <!-- tests.LoginTest -->
