<?xml version="1.0" encoding="UTF-8"?>
<!-- Generated by org.testng.reporters.JUnitReportReporter -->
<testsuite hostname="Ahmed-Taha" failures="0" tests="2" name="tests.LRegistrationTest" time="2.815" errors="0" timestamp="2025-09-04T14:23:15 EEST" skipped="0">
  <testcase classname="tests.LRegistrationTest" name="logout" time="0.703"/>
  <testcase classname="tests.LRegistrationTest" name="registrationSuccessfully" time="2.112"/>
</testsuite> <!-- tests.LRegistrationTest -->
